<?xml version="1.0" encoding="UTF-8"?>
<!-- Generated by org.testng.reporters.JUnitReportReporter -->
<testsuite hostname="Admin" failures="0" tests="1" name="com.day6_test.Sample" time="6.299" errors="0" timestamp="26 Jul 2022 15:23:56 GMT" skipped="0">
  <testcase classname="com.day6_test.Sample" name="login" time="6.299"/>
</testsuite> <!-- com.day6_test.Sample -->
