<?xml version="1.0" encoding="UTF-8"?>
<!-- Generated by org.testng.reporters.JUnitReportReporter -->
<testsuite hostname="Admin" failures="0" tests="1" name="com.day6_BasicAuth.BasicAuth" time="8.791" errors="0" timestamp="26 Jul 2022 10:12:44 GMT" skipped="0">
  <testcase classname="com.day6_BasicAuth.BasicAuth" name="login" time="8.791"/>
</testsuite> <!-- com.day6_BasicAuth.BasicAuth -->
