<?xml version="1.0" encoding="UTF-8"?>
<!-- Generated by org.testng.reporters.JUnitReportReporter -->
<testsuite hostname="Admin" failures="0" tests="1" name="com.day5_GetUser.GetUser" time="9.776" errors="0" timestamp="26 Jul 2022 09:57:38 GMT" skipped="0">
  <testcase classname="com.day5_GetUser.GetUser" name="getUser" time="9.776"/>
</testsuite> <!-- com.day5_GetUser.GetUser -->
