<?xml version="1.0" encoding="UTF-8"?>
<!-- Generated by org.testng.reporters.JUnitReportReporter -->
<testsuite hostname="Admin" failures="0" tests="2" name="com.day7_addAddress.AddAddress" time="9.578" errors="0" timestamp="28 Jul 2022 14:07:51 GMT" skipped="0">
  <testcase classname="com.day7_addAddress.AddAddress" name="login" time="8.442"/>
  <testcase classname="com.day7_addAddress.AddAddress" name="addAddress" time="1.136"/>
</testsuite> <!-- com.day7_addAddress.AddAddress -->
