<?xml version="1.0" encoding="UTF-8"?>
<!-- Generated by org.testng.reporters.JUnitReportReporter -->
<testsuite hostname="Admin" failures="0" tests="5" name="com.day8_Addresses.Addresses" time="13.108" errors="0" timestamp="01 Aug 2022 14:06:54 GMT" skipped="0">
  <testcase classname="com.day8_Addresses.Addresses" name="login" time="8.952"/>
  <testcase classname="com.day8_Addresses.Addresses" name="addAddress" time="1.608"/>
  <testcase classname="com.day8_Addresses.Addresses" name="updateAddress" time="0.937"/>
  <testcase classname="com.day8_Addresses.Addresses" name="deleteAddress" time="0.656"/>
  <testcase classname="com.day8_Addresses.Addresses" name="getAddress" time="0.955"/>
</testsuite> <!-- com.day8_Addresses.Addresses -->
